<?xml version="1.0" encoding="UTF-8"?>
<testng-results ignored="0" total="1" passed="1" failed="0" skipped="0">
  <reporter-output>
  </reporter-output>
  <suite started-at="2023-01-16T00:58:45 EST" name="Default suite" finished-at="2023-01-16T00:58:49 EST" duration-ms="4003">
    <groups>
    </groups>
    <test started-at="2023-01-16T00:58:45 EST" name="Default test" finished-at="2023-01-16T00:58:49 EST" duration-ms="4003">
      <class name="com.auto.testcases.logintest">
        <test-method is-config="true" signature="setUp()[pri:0, instance:com.auto.testcases.logintest@5b239d7d]" started-at="2023-01-16T00:58:32 EST" name="setUp" finished-at="2023-01-16T00:58:45 EST" duration-ms="13420" status="PASS">
          <reporter-output>
          </reporter-output>
        </test-method> <!-- setUp -->
        <test-method signature="loginmanager()[pri:0, instance:com.auto.testcases.logintest@5b239d7d]" started-at="2023-01-16T00:58:45 EST" name="loginmanager" finished-at="2023-01-16T00:58:49 EST" duration-ms="3947" status="PASS">
          <reporter-output>
          </reporter-output>
        </test-method> <!-- loginmanager -->
        <test-method is-config="true" signature="tearDown()[pri:0, instance:com.auto.testcases.logintest@5b239d7d]" started-at="2023-01-16T00:58:49 EST" name="tearDown" finished-at="2023-01-16T00:58:50 EST" duration-ms="940" status="PASS">
          <reporter-output>
          </reporter-output>
        </test-method> <!-- tearDown -->
      </class> <!-- com.auto.testcases.logintest -->
    </test> <!-- Default test -->
  </suite> <!-- Default suite -->
</testng-results>
